[20230410 16:25:25] start processing
[20230410 16:25:25] +++++++++++++++++++++++++++++++++++++++++++++++++++
[20230410 16:25:25] id_card_type = passport
[20230410 16:25:25] 1//Samson Lang/2015-12-13
[20230410 16:25:25] new create pdf
[20230410 16:37:06] start processing
[20230410 16:37:06] +++++++++++++++++++++++++++++++++++++++++++++++++++
[20230410 16:37:06] id_card_type = 2
[20230410 16:37:06] 1//Emerald Mann Carter/1960-02-17
[20230410 16:37:06] re-create pdf
[20230410 16:45:58] start processing
[20230410 16:45:58] +++++++++++++++++++++++++++++++++++++++++++++++++++
[20230410 16:45:58] id_card_type = 2
[20230410 16:45:58] 2//Celeste Price Munoz/1969-12-24
[20230410 16:45:58] new create pdf
[20230410 16:56:42] start processing
[20230410 16:56:42] +++++++++++++++++++++++++++++++++++++++++++++++++++
[20230410 16:56:42] id_card_type = 2
[20230410 16:56:42] 1//Zia Fowler Doyle/1992-07-12
[20230410 16:56:42] re-create pdf
[20230410 17:01:45] start processing
[20230410 17:01:45] +++++++++++++++++++++++++++++++++++++++++++++++++++
[20230410 17:01:45] id_card_type = 2
[20230410 17:01:45] 2//Noelani Higgins Clarke/1991-04-14
[20230410 17:01:45] re-create pdf
[20230410 17:25:03] start processing
[20230410 17:25:03] +++++++++++++++++++++++++++++++++++++++++++++++++++
[20230410 17:25:03] id_card_type = 2
[20230410 17:25:03] 1//Lucius Knight Schmidt/1950-12-27
[20230410 17:25:03] new create pdf
[20230410 17:26:20] start processing
[20230410 17:26:20] +++++++++++++++++++++++++++++++++++++++++++++++++++
[20230410 17:26:20] id_card_type = 2
[20230410 17:26:20] 1//Lucius Knight Schmidt/1950-12-27
[20230410 17:26:20] re-create pdf
[20230410 18:20:14] start processing
[20230410 18:20:14] +++++++++++++++++++++++++++++++++++++++++++++++++++
[20230410 18:20:14] id_card_type = 2
[20230410 18:20:14] 1//Jada Mcbride Frederick/1980-05-24
[20230410 18:20:14] re-create pdf
[20230410 18:25:45] start processing
[20230410 18:25:45] +++++++++++++++++++++++++++++++++++++++++++++++++++
[20230410 18:25:45] id_card_type = 2
[20230410 18:25:45] 1//Levi Lowery Harrington/2003-12-21
[20230410 18:25:45] re-create pdf
[20230410 18:30:43] start processing
[20230410 18:30:43] +++++++++++++++++++++++++++++++++++++++++++++++++++
[20230410 18:30:43] id_card_type = 2
[20230410 18:30:43] 2//Cherokee Cash Sharpe/1995-01-21
[20230410 18:30:43] re-create pdf
[20230410 18:36:12] start processing
[20230410 18:36:12] +++++++++++++++++++++++++++++++++++++++++++++++++++
[20230410 18:36:12] id_card_type = 2
[20230410 18:36:12] 1//Helen Howell Goodwin/1967-05-28
[20230410 18:36:12] re-create pdf
[20230410 18:41:00] start processing
[20230410 18:41:00] +++++++++++++++++++++++++++++++++++++++++++++++++++
[20230410 18:41:00] id_card_type = 2
[20230410 18:41:00] 1//Elliott Bryant Wade/1941-11-24
[20230410 18:41:00] re-create pdf
